Loading features from cached file dataset/cluener/cached_crf-train_bilstm_crf_ner
Loading features from cached file dataset/cluener/cached_crf-dev_bilstm_crf_ner

Epoch: 1 -  loss: 26.1284 - eval_loss: 22.0382 - eval_acc: 0.4548 - eval_recall: 0.3223 - eval_f1: 0.3772 

Epoch 1: eval_f1 improved from 0 to 0.37721470756334546
save model to disk.
Subject: address - Acc: 0.2897 - Recall: 0.1126 - F1: 0.1622
Subject: position - Acc: 0.704 - Recall: 0.4065 - F1: 0.5154
Subject: name - Acc: 0.3453 - Recall: 0.2473 - F1: 0.2882
Subject: company - Acc: 0.3917 - Recall: 0.373 - F1: 0.3821
Subject: movie - Acc: 0.375 - Recall: 0.3974 - F1: 0.3859
Subject: game - Acc: 0.563 - Recall: 0.6508 - F1: 0.6038
Subject: organization - Acc: 0.4461 - Recall: 0.327 - F1: 0.3774
Subject: scene - Acc: 0.4521 - Recall: 0.1579 - F1: 0.234
Subject: government - Acc: 0.402 - Recall: 0.332 - F1: 0.3636
Subject: book - Acc: 0.6905 - Recall: 0.1883 - F1: 0.2959
Loading features from cached file dataset/cluener/cached_crf-dev_bilstm_crf_ner

Epoch: 2 -  loss: 14.1617 - eval_loss: 17.0060 - eval_acc: 0.5446 - eval_recall: 0.4805 - eval_f1: 0.5105 

Epoch 2: eval_f1 improved from 0.37721470756334546 to 0.5105499827049464
save model to disk.
Subject: address - Acc: 0.3711 - Recall: 0.193 - F1: 0.254
Subject: position - Acc: 0.6797 - Recall: 0.5635 - F1: 0.6162
Subject: name - Acc: 0.5774 - Recall: 0.4731 - F1: 0.5201
Subject: company - Acc: 0.5055 - Recall: 0.4841 - F1: 0.4946
Subject: movie - Acc: 0.4863 - Recall: 0.4702 - F1: 0.4781
Subject: game - Acc: 0.4935 - Recall: 0.7695 - F1: 0.6013
Subject: organization - Acc: 0.5669 - Recall: 0.6349 - F1: 0.599
Subject: scene - Acc: 0.4183 - Recall: 0.3062 - F1: 0.3536
Subject: government - Acc: 0.627 - Recall: 0.4696 - F1: 0.537
Subject: book - Acc: 0.7797 - Recall: 0.2987 - F1: 0.4319
Loading features from cached file dataset/cluener/cached_crf-dev_bilstm_crf_ner

Epoch: 3 -  loss: 9.8023 - eval_loss: 14.2676 - eval_acc: 0.5788 - eval_recall: 0.5605 - eval_f1: 0.5695 

Epoch 3: eval_f1 improved from 0.5105499827049464 to 0.569538614188854
save model to disk.
Subject: address - Acc: 0.4174 - Recall: 0.2708 - F1: 0.3285
Subject: position - Acc: 0.6583 - Recall: 0.6628 - F1: 0.6605
Subject: name - Acc: 0.6075 - Recall: 0.5957 - F1: 0.6015
Subject: company - Acc: 0.5273 - Recall: 0.537 - F1: 0.5321
Subject: movie - Acc: 0.4976 - Recall: 0.6887 - F1: 0.5778
Subject: game - Acc: 0.6341 - Recall: 0.7695 - F1: 0.6953
Subject: organization - Acc: 0.6512 - Recall: 0.6512 - F1: 0.6512
Subject: scene - Acc: 0.3973 - Recall: 0.4258 - F1: 0.4111
Subject: government - Acc: 0.6035 - Recall: 0.5547 - F1: 0.5781
Subject: book - Acc: 0.8169 - Recall: 0.3766 - F1: 0.5156
Loading features from cached file dataset/cluener/cached_crf-dev_bilstm_crf_ner

Epoch: 4 -  loss: 7.0591 - eval_loss: 13.3597 - eval_acc: 0.5864 - eval_recall: 0.5908 - eval_f1: 0.5886 

Epoch 4: eval_f1 improved from 0.569538614188854 to 0.5886168315226203
save model to disk.
Subject: address - Acc: 0.3537 - Recall: 0.2788 - F1: 0.3118
Subject: position - Acc: 0.621 - Recall: 0.7113 - F1: 0.6631
Subject: name - Acc: 0.5898 - Recall: 0.671 - F1: 0.6278
Subject: company - Acc: 0.5774 - Recall: 0.582 - F1: 0.5797
Subject: movie - Acc: 0.4734 - Recall: 0.649 - F1: 0.5475
Subject: game - Acc: 0.7394 - Recall: 0.7695 - F1: 0.7542
Subject: organization - Acc: 0.7404 - Recall: 0.6294 - F1: 0.6804
Subject: scene - Acc: 0.4194 - Recall: 0.4354 - F1: 0.4272
Subject: government - Acc: 0.625 - Recall: 0.5668 - F1: 0.5945
Subject: book - Acc: 0.6562 - Recall: 0.5455 - F1: 0.5957
Loading features from cached file dataset/cluener/cached_crf-dev_bilstm_crf_ner

Epoch: 5 -  loss: 5.3385 - eval_loss: 13.0008 - eval_acc: 0.5989 - eval_recall: 0.6110 - eval_f1: 0.6049 

Epoch 5: eval_f1 improved from 0.5886168315226203 to 0.6048984853367708
save model to disk.
Subject: address - Acc: 0.507 - Recall: 0.2922 - F1: 0.3707
Subject: position - Acc: 0.598 - Recall: 0.6767 - F1: 0.6349
Subject: name - Acc: 0.6541 - Recall: 0.671 - F1: 0.6624
Subject: company - Acc: 0.5738 - Recall: 0.6376 - F1: 0.604
Subject: movie - Acc: 0.6265 - Recall: 0.6887 - F1: 0.6562
Subject: game - Acc: 0.678 - Recall: 0.8136 - F1: 0.7396
Subject: organization - Acc: 0.6495 - Recall: 0.7221 - F1: 0.6839
Subject: scene - Acc: 0.3791 - Recall: 0.5024 - F1: 0.4321
Subject: government - Acc: 0.6452 - Recall: 0.5668 - F1: 0.6034
Subject: book - Acc: 0.6182 - Recall: 0.4416 - F1: 0.5152
Loading features from cached file dataset/cluener/cached_crf-dev_bilstm_crf_ner

Epoch: 6 -  loss: 4.0313 - eval_loss: 12.6721 - eval_acc: 0.6112 - eval_recall: 0.6549 - eval_f1: 0.6323 

Epoch 6: eval_f1 improved from 0.6048984853367708 to 0.6323067253299811
save model to disk.
Subject: address - Acc: 0.4431 - Recall: 0.3861 - F1: 0.4126
Subject: position - Acc: 0.6652 - Recall: 0.7113 - F1: 0.6875
Subject: name - Acc: 0.6219 - Recall: 0.7075 - F1: 0.662
Subject: company - Acc: 0.6088 - Recall: 0.6587 - F1: 0.6328
Subject: movie - Acc: 0.5966 - Recall: 0.6954 - F1: 0.6422
Subject: game - Acc: 0.683 - Recall: 0.8034 - F1: 0.7383
Subject: organization - Acc: 0.5729 - Recall: 0.7384 - F1: 0.6452
Subject: scene - Acc: 0.5266 - Recall: 0.4737 - F1: 0.4987
Subject: government - Acc: 0.6754 - Recall: 0.7328 - F1: 0.7029
Subject: book - Acc: 0.7807 - Recall: 0.5779 - F1: 0.6642
Loading features from cached file dataset/cluener/cached_crf-dev_bilstm_crf_ner

Epoch: 7 -  loss: 3.0665 - eval_loss: 12.4728 - eval_acc: 0.6551 - eval_recall: 0.6449 - eval_f1: 0.6499 

Epoch 7: eval_f1 improved from 0.6323067253299811 to 0.6499343832020997
save model to disk.
Subject: address - Acc: 0.4715 - Recall: 0.4209 - F1: 0.4448
Subject: position - Acc: 0.7202 - Recall: 0.6836 - F1: 0.7014
Subject: name - Acc: 0.6417 - Recall: 0.7355 - F1: 0.6854
Subject: company - Acc: 0.6228 - Recall: 0.664 - F1: 0.6428
Subject: movie - Acc: 0.6413 - Recall: 0.7815 - F1: 0.7045
Subject: game - Acc: 0.7492 - Recall: 0.7898 - F1: 0.769
Subject: organization - Acc: 0.75 - Recall: 0.703 - F1: 0.7257
Subject: scene - Acc: 0.5195 - Recall: 0.3828 - F1: 0.4408
Subject: government - Acc: 0.6614 - Recall: 0.6802 - F1: 0.6707
Subject: book - Acc: 0.8041 - Recall: 0.5065 - F1: 0.6215
Loading features from cached file dataset/cluener/cached_crf-dev_bilstm_crf_ner

Epoch: 8 -  loss: 2.3337 - eval_loss: 13.3209 - eval_acc: 0.6360 - eval_recall: 0.6341 - eval_f1: 0.6350 
Loading features from cached file dataset/cluener/cached_crf-dev_bilstm_crf_ner

Epoch: 9 -  loss: 1.8306 - eval_loss: 13.6107 - eval_acc: 0.6267 - eval_recall: 0.6367 - eval_f1: 0.6317 
Loading features from cached file dataset/cluener/cached_crf-dev_bilstm_crf_ner

Epoch: 10 -  loss: 1.4544 - eval_loss: 12.6379 - eval_acc: 0.6724 - eval_recall: 0.6576 - eval_f1: 0.6649 

Epoch 10: eval_f1 improved from 0.6499343832020997 to 0.6649111257406188
save model to disk.
Subject: address - Acc: 0.4837 - Recall: 0.437 - F1: 0.4592
Subject: position - Acc: 0.7325 - Recall: 0.6767 - F1: 0.7035
Subject: name - Acc: 0.7593 - Recall: 0.7054 - F1: 0.7313
Subject: company - Acc: 0.7216 - Recall: 0.672 - F1: 0.6959
Subject: movie - Acc: 0.6358 - Recall: 0.6821 - F1: 0.6581
Subject: game - Acc: 0.7191 - Recall: 0.7898 - F1: 0.7528
Subject: organization - Acc: 0.7066 - Recall: 0.7548 - F1: 0.7299
Subject: scene - Acc: 0.4632 - Recall: 0.512 - F1: 0.4864
Subject: government - Acc: 0.6583 - Recall: 0.7409 - F1: 0.6971
Subject: book - Acc: 0.8229 - Recall: 0.513 - F1: 0.632
Loading features from cached file dataset/cluener/cached_crf-dev_bilstm_crf_ner

Epoch: 11 -  loss: 1.1944 - eval_loss: 13.3950 - eval_acc: 0.6788 - eval_recall: 0.6605 - eval_f1: 0.6695 

Epoch 11: eval_f1 improved from 0.6649111257406188 to 0.6695264807787493
save model to disk.
Subject: address - Acc: 0.5428 - Recall: 0.4424 - F1: 0.4874
Subject: position - Acc: 0.7305 - Recall: 0.7136 - F1: 0.722
Subject: name - Acc: 0.7188 - Recall: 0.7312 - F1: 0.7249
Subject: company - Acc: 0.7568 - Recall: 0.6667 - F1: 0.7089
Subject: movie - Acc: 0.7611 - Recall: 0.5695 - F1: 0.6515
Subject: game - Acc: 0.6829 - Recall: 0.8102 - F1: 0.7411
Subject: organization - Acc: 0.6597 - Recall: 0.7766 - F1: 0.7134
Subject: scene - Acc: 0.5246 - Recall: 0.4593 - F1: 0.4898
Subject: government - Acc: 0.6627 - Recall: 0.6761 - F1: 0.6693
Subject: book - Acc: 0.7143 - Recall: 0.5844 - F1: 0.6429
Loading features from cached file dataset/cluener/cached_crf-dev_bilstm_crf_ner

Epoch: 12 -  loss: 0.9862 - eval_loss: 12.7659 - eval_acc: 0.6709 - eval_recall: 0.6569 - eval_f1: 0.6638 
Loading features from cached file dataset/cluener/cached_crf-dev_bilstm_crf_ner

Epoch: 13 -  loss: 0.7974 - eval_loss: 13.2590 - eval_acc: 0.6932 - eval_recall: 0.6611 - eval_f1: 0.6768 

Epoch 13: eval_f1 improved from 0.6695264807787493 to 0.6767744085304898
save model to disk.
Subject: address - Acc: 0.5058 - Recall: 0.4638 - F1: 0.4839
Subject: position - Acc: 0.7346 - Recall: 0.6905 - F1: 0.7119
Subject: name - Acc: 0.779 - Recall: 0.7355 - F1: 0.7566
Subject: company - Acc: 0.7131 - Recall: 0.6772 - F1: 0.6947
Subject: movie - Acc: 0.6243 - Recall: 0.7483 - F1: 0.6807
Subject: game - Acc: 0.7763 - Recall: 0.7763 - F1: 0.7763
Subject: organization - Acc: 0.7198 - Recall: 0.7139 - F1: 0.7168
Subject: scene - Acc: 0.5206 - Recall: 0.4833 - F1: 0.5012
Subject: government - Acc: 0.6964 - Recall: 0.6964 - F1: 0.6964
Subject: book - Acc: 0.8235 - Recall: 0.5455 - F1: 0.6562
Loading features from cached file dataset/cluener/cached_crf-dev_bilstm_crf_ner

Epoch: 14 -  loss: 0.7247 - eval_loss: 13.1600 - eval_acc: 0.6770 - eval_recall: 0.6712 - eval_f1: 0.6741 
Loading features from cached file dataset/cluener/cached_crf-dev_bilstm_crf_ner

Epoch: 15 -  loss: 0.6248 - eval_loss: 12.9939 - eval_acc: 0.6861 - eval_recall: 0.6709 - eval_f1: 0.6784 

Epoch 15: eval_f1 improved from 0.6767744085304898 to 0.6784068466096116
save model to disk.
Subject: address - Acc: 0.5405 - Recall: 0.4477 - F1: 0.4897
Subject: position - Acc: 0.7309 - Recall: 0.6836 - F1: 0.7064
Subject: name - Acc: 0.6972 - Recall: 0.7527 - F1: 0.7239
Subject: company - Acc: 0.7373 - Recall: 0.6534 - F1: 0.6928
Subject: movie - Acc: 0.726 - Recall: 0.702 - F1: 0.7138
Subject: game - Acc: 0.7735 - Recall: 0.8102 - F1: 0.7914
Subject: organization - Acc: 0.6376 - Recall: 0.7766 - F1: 0.7002
Subject: scene - Acc: 0.5238 - Recall: 0.5263 - F1: 0.5251
Subject: government - Acc: 0.7593 - Recall: 0.664 - F1: 0.7084
Subject: book - Acc: 0.776 - Recall: 0.6299 - F1: 0.6953
Loading features from cached file dataset/cluener/cached_crf-dev_bilstm_crf_ner

Epoch: 16 -  loss: 0.5539 - eval_loss: 13.1186 - eval_acc: 0.6760 - eval_recall: 0.6709 - eval_f1: 0.6734 
Loading features from cached file dataset/cluener/cached_crf-dev_bilstm_crf_ner

Epoch: 17 -  loss: 0.4668 - eval_loss: 13.2086 - eval_acc: 0.6824 - eval_recall: 0.6644 - eval_f1: 0.6733 
Loading features from cached file dataset/cluener/cached_crf-dev_bilstm_crf_ner

Epoch: 18 -  loss: 0.4258 - eval_loss: 13.2982 - eval_acc: 0.6799 - eval_recall: 0.6693 - eval_f1: 0.6745 
Loading features from cached file dataset/cluener/cached_crf-dev_bilstm_crf_ner

Epoch: 19 -  loss: 0.3608 - eval_loss: 13.7650 - eval_acc: 0.6852 - eval_recall: 0.6751 - eval_f1: 0.6801 

Epoch 19: eval_f1 improved from 0.6784068466096116 to 0.6801114936874898
save model to disk.
Subject: address - Acc: 0.4282 - Recall: 0.504 - F1: 0.4631
Subject: position - Acc: 0.7347 - Recall: 0.7229 - F1: 0.7288
Subject: name - Acc: 0.7736 - Recall: 0.757 - F1: 0.7652
Subject: company - Acc: 0.7371 - Recall: 0.7196 - F1: 0.7282
Subject: movie - Acc: 0.7 - Recall: 0.6026 - F1: 0.6477
Subject: game - Acc: 0.7543 - Recall: 0.7492 - F1: 0.7517
Subject: organization - Acc: 0.7599 - Recall: 0.6812 - F1: 0.7184
Subject: scene - Acc: 0.5346 - Recall: 0.555 - F1: 0.5446
Subject: government - Acc: 0.7253 - Recall: 0.6842 - F1: 0.7042
Subject: book - Acc: 0.75 - Recall: 0.6623 - F1: 0.7034
Loading features from cached file dataset/cluener/cached_crf-dev_bilstm_crf_ner

Epoch: 20 -  loss: 0.3423 - eval_loss: 13.8429 - eval_acc: 0.7030 - eval_recall: 0.6641 - eval_f1: 0.6830 

Epoch 20: eval_f1 improved from 0.6801114936874898 to 0.6829594911282223
save model to disk.
Subject: address - Acc: 0.5076 - Recall: 0.445 - F1: 0.4743
Subject: position - Acc: 0.7494 - Recall: 0.6905 - F1: 0.7188
Subject: name - Acc: 0.8035 - Recall: 0.686 - F1: 0.7401
Subject: company - Acc: 0.7547 - Recall: 0.7487 - F1: 0.7517
Subject: movie - Acc: 0.7286 - Recall: 0.6755 - F1: 0.701
Subject: game - Acc: 0.7296 - Recall: 0.7864 - F1: 0.7569
Subject: organization - Acc: 0.6523 - Recall: 0.7411 - F1: 0.6939
Subject: scene - Acc: 0.5902 - Recall: 0.5167 - F1: 0.551
Subject: government - Acc: 0.7357 - Recall: 0.6761 - F1: 0.7046
Subject: book - Acc: 0.7731 - Recall: 0.5974 - F1: 0.674
Loading features from cached file dataset/cluener/cached_crf-dev_bilstm_crf_ner

Epoch: 21 -  loss: 0.2950 - eval_loss: 13.7286 - eval_acc: 0.6896 - eval_recall: 0.6797 - eval_f1: 0.6846 

Epoch 21: eval_f1 improved from 0.6829594911282223 to 0.6845901639344263
save model to disk.
Subject: address - Acc: 0.5171 - Recall: 0.445 - F1: 0.4784
Subject: position - Acc: 0.7275 - Recall: 0.6905 - F1: 0.7085
Subject: name - Acc: 0.7473 - Recall: 0.7312 - F1: 0.7391
Subject: company - Acc: 0.7143 - Recall: 0.7275 - F1: 0.7208
Subject: movie - Acc: 0.7521 - Recall: 0.6026 - F1: 0.6691
Subject: game - Acc: 0.7424 - Recall: 0.8305 - F1: 0.784
Subject: organization - Acc: 0.6635 - Recall: 0.7575 - F1: 0.7074
Subject: scene - Acc: 0.5509 - Recall: 0.5694 - F1: 0.56
Subject: government - Acc: 0.728 - Recall: 0.7045 - F1: 0.716
Subject: book - Acc: 0.771 - Recall: 0.6558 - F1: 0.7088
Loading features from cached file dataset/cluener/cached_crf-dev_bilstm_crf_ner

Epoch: 22 -  loss: 0.2796 - eval_loss: 14.7166 - eval_acc: 0.6792 - eval_recall: 0.6781 - eval_f1: 0.6786 
Loading features from cached file dataset/cluener/cached_crf-dev_bilstm_crf_ner

Epoch: 23 -  loss: 0.2481 - eval_loss: 14.3967 - eval_acc: 0.6939 - eval_recall: 0.6797 - eval_f1: 0.6867 

Epoch 23: eval_f1 improved from 0.6845901639344263 to 0.6867291563887519
save model to disk.
Subject: address - Acc: 0.5081 - Recall: 0.5067 - F1: 0.5074
Subject: position - Acc: 0.7403 - Recall: 0.7044 - F1: 0.7219
Subject: name - Acc: 0.7738 - Recall: 0.7355 - F1: 0.7541
Subject: company - Acc: 0.6988 - Recall: 0.7487 - F1: 0.7229
Subject: movie - Acc: 0.7273 - Recall: 0.6358 - F1: 0.6784
Subject: game - Acc: 0.6925 - Recall: 0.8169 - F1: 0.7496
Subject: organization - Acc: 0.7248 - Recall: 0.7248 - F1: 0.7248
Subject: scene - Acc: 0.5902 - Recall: 0.5167 - F1: 0.551
Subject: government - Acc: 0.716 - Recall: 0.7247 - F1: 0.7203
Subject: book - Acc: 0.8061 - Recall: 0.513 - F1: 0.627
Loading features from cached file dataset/cluener/cached_crf-dev_bilstm_crf_ner

Epoch: 24 -  loss: 0.2292 - eval_loss: 13.6966 - eval_acc: 0.7057 - eval_recall: 0.6751 - eval_f1: 0.6901 

Epoch 24: eval_f1 improved from 0.6867291563887519 to 0.6900682082848112
save model to disk.
Subject: address - Acc: 0.5084 - Recall: 0.4879 - F1: 0.4979
Subject: position - Acc: 0.7608 - Recall: 0.6905 - F1: 0.724
Subject: name - Acc: 0.8064 - Recall: 0.7075 - F1: 0.7537
Subject: company - Acc: 0.6978 - Recall: 0.7513 - F1: 0.7236
Subject: movie - Acc: 0.7778 - Recall: 0.6026 - F1: 0.6791
Subject: game - Acc: 0.7089 - Recall: 0.8339 - F1: 0.7664
Subject: organization - Acc: 0.7139 - Recall: 0.7275 - F1: 0.7206
Subject: scene - Acc: 0.6159 - Recall: 0.4833 - F1: 0.5416
Subject: government - Acc: 0.7161 - Recall: 0.6842 - F1: 0.6998
Subject: book - Acc: 0.7852 - Recall: 0.6883 - F1: 0.7336
Loading features from cached file dataset/cluener/cached_crf-dev_bilstm_crf_ner

Epoch: 25 -  loss: 0.2208 - eval_loss: 13.7889 - eval_acc: 0.6941 - eval_recall: 0.6816 - eval_f1: 0.6878 
Loading features from cached file dataset/cluener/cached_crf-dev_bilstm_crf_ner

Epoch: 26 -  loss: 0.2145 - eval_loss: 14.1370 - eval_acc: 0.6947 - eval_recall: 0.6917 - eval_f1: 0.6932 

Epoch 26: eval_f1 improved from 0.6900682082848112 to 0.6931984994291307
save model to disk.
Subject: address - Acc: 0.4943 - Recall: 0.4665 - F1: 0.48
Subject: position - Acc: 0.712 - Recall: 0.7252 - F1: 0.7185
Subject: name - Acc: 0.7839 - Recall: 0.7333 - F1: 0.7578
Subject: company - Acc: 0.7044 - Recall: 0.7566 - F1: 0.7296
Subject: movie - Acc: 0.7615 - Recall: 0.5497 - F1: 0.6385
Subject: game - Acc: 0.7356 - Recall: 0.8203 - F1: 0.7756
Subject: organization - Acc: 0.7407 - Recall: 0.7629 - F1: 0.7517
Subject: scene - Acc: 0.5433 - Recall: 0.5407 - F1: 0.542
Subject: government - Acc: 0.7171 - Recall: 0.749 - F1: 0.7327
Subject: book - Acc: 0.7483 - Recall: 0.6948 - F1: 0.7205
Loading features from cached file dataset/cluener/cached_crf-dev_bilstm_crf_ner

Epoch: 27 -  loss: 0.2042 - eval_loss: 14.3828 - eval_acc: 0.6930 - eval_recall: 0.6855 - eval_f1: 0.6892 
Loading features from cached file dataset/cluener/cached_crf-dev_bilstm_crf_ner

Epoch: 28 -  loss: 0.1901 - eval_loss: 14.1658 - eval_acc: 0.7110 - eval_recall: 0.6839 - eval_f1: 0.6972 

Epoch 28: eval_f1 improved from 0.6931984994291307 to 0.6971959515513523
save model to disk.
Subject: address - Acc: 0.4587 - Recall: 0.5067 - F1: 0.4815
Subject: position - Acc: 0.7599 - Recall: 0.709 - F1: 0.7336
Subject: name - Acc: 0.776 - Recall: 0.7376 - F1: 0.7563
Subject: company - Acc: 0.7188 - Recall: 0.7169 - F1: 0.7179
Subject: movie - Acc: 0.7254 - Recall: 0.6821 - F1: 0.7031
Subject: game - Acc: 0.7628 - Recall: 0.8068 - F1: 0.7842
Subject: organization - Acc: 0.7585 - Recall: 0.7275 - F1: 0.7427
Subject: scene - Acc: 0.651 - Recall: 0.4641 - F1: 0.5419
Subject: government - Acc: 0.748 - Recall: 0.7571 - F1: 0.7525
Subject: book - Acc: 0.8609 - Recall: 0.6429 - F1: 0.7361
Loading features from cached file dataset/cluener/cached_crf-dev_bilstm_crf_ner

Epoch: 29 -  loss: 0.1559 - eval_loss: 14.4784 - eval_acc: 0.6997 - eval_recall: 0.6820 - eval_f1: 0.6907 
Loading features from cached file dataset/cluener/cached_crf-dev_bilstm_crf_ner

Epoch: 30 -  loss: 0.1621 - eval_loss: 14.0138 - eval_acc: 0.7105 - eval_recall: 0.6768 - eval_f1: 0.6932 
Loading features from cached file dataset/cluener/cached_crf-dev_bilstm_crf_ner

Epoch: 31 -  loss: 0.1707 - eval_loss: 14.2215 - eval_acc: 0.6924 - eval_recall: 0.6859 - eval_f1: 0.6891 
Loading features from cached file dataset/cluener/cached_crf-dev_bilstm_crf_ner

Epoch: 32 -  loss: 0.1702 - eval_loss: 14.5428 - eval_acc: 0.6965 - eval_recall: 0.6888 - eval_f1: 0.6926 
Loading features from cached file dataset/cluener/cached_crf-dev_bilstm_crf_ner

Epoch: 33 -  loss: 0.1261 - eval_loss: 13.4379 - eval_acc: 0.7110 - eval_recall: 0.6966 - eval_f1: 0.7037 

Epoch 33: eval_f1 improved from 0.6971959515513523 to 0.7037158829332456
save model to disk.
Subject: address - Acc: 0.54 - Recall: 0.5067 - F1: 0.5228
Subject: position - Acc: 0.7739 - Recall: 0.7113 - F1: 0.7413
Subject: name - Acc: 0.7293 - Recall: 0.7591 - F1: 0.7439
Subject: company - Acc: 0.7161 - Recall: 0.7275 - F1: 0.7218
Subject: movie - Acc: 0.7868 - Recall: 0.7086 - F1: 0.7456
Subject: game - Acc: 0.761 - Recall: 0.8203 - F1: 0.7896
Subject: organization - Acc: 0.7642 - Recall: 0.733 - F1: 0.7483
Subject: scene - Acc: 0.5373 - Recall: 0.5167 - F1: 0.5268
Subject: government - Acc: 0.7315 - Recall: 0.7611 - F1: 0.746
Subject: book - Acc: 0.7769 - Recall: 0.6558 - F1: 0.7113
Loading features from cached file dataset/cluener/cached_crf-dev_bilstm_crf_ner

Epoch: 34 -  loss: 0.0599 - eval_loss: 13.4539 - eval_acc: 0.7111 - eval_recall: 0.6914 - eval_f1: 0.7011 
Loading features from cached file dataset/cluener/cached_crf-dev_bilstm_crf_ner

Epoch: 35 -  loss: 0.0434 - eval_loss: 13.4677 - eval_acc: 0.7123 - eval_recall: 0.6930 - eval_f1: 0.7025 
Loading features from cached file dataset/cluener/cached_crf-dev_bilstm_crf_ner

Epoch: 36 -  loss: 0.0388 - eval_loss: 13.7864 - eval_acc: 0.7218 - eval_recall: 0.6976 - eval_f1: 0.7095 

Epoch 36: eval_f1 improved from 0.7037158829332456 to 0.7094851845720908
save model to disk.
Subject: address - Acc: 0.5745 - Recall: 0.496 - F1: 0.5324
Subject: position - Acc: 0.7744 - Recall: 0.7136 - F1: 0.7428
Subject: name - Acc: 0.7415 - Recall: 0.7462 - F1: 0.7438
Subject: company - Acc: 0.7357 - Recall: 0.7143 - F1: 0.7248
Subject: movie - Acc: 0.7634 - Recall: 0.6623 - F1: 0.7092
Subject: game - Acc: 0.747 - Recall: 0.8305 - F1: 0.7865
Subject: organization - Acc: 0.7361 - Recall: 0.7602 - F1: 0.748
Subject: scene - Acc: 0.6292 - Recall: 0.5359 - F1: 0.5788
Subject: government - Acc: 0.7212 - Recall: 0.7854 - F1: 0.7519
Subject: book - Acc: 0.7969 - Recall: 0.6623 - F1: 0.7234
Loading features from cached file dataset/cluener/cached_crf-dev_bilstm_crf_ner

Epoch: 37 -  loss: 0.0399 - eval_loss: 13.7264 - eval_acc: 0.7087 - eval_recall: 0.6992 - eval_f1: 0.7039 
Loading features from cached file dataset/cluener/cached_crf-dev_bilstm_crf_ner

Epoch: 38 -  loss: 0.0443 - eval_loss: 13.8735 - eval_acc: 0.7137 - eval_recall: 0.6953 - eval_f1: 0.7044 
Loading features from cached file dataset/cluener/cached_crf-dev_bilstm_crf_ner

Epoch: 39 -  loss: 0.0304 - eval_loss: 13.9775 - eval_acc: 0.7172 - eval_recall: 0.6992 - eval_f1: 0.7081 
Loading features from cached file dataset/cluener/cached_crf-dev_bilstm_crf_ner

Epoch: 40 -  loss: 0.0322 - eval_loss: 14.1388 - eval_acc: 0.7271 - eval_recall: 0.6940 - eval_f1: 0.7102 

Epoch 40: eval_f1 improved from 0.7094851845720908 to 0.710193204530313
save model to disk.
Subject: address - Acc: 0.5732 - Recall: 0.4826 - F1: 0.524
Subject: position - Acc: 0.7635 - Recall: 0.7159 - F1: 0.739
Subject: name - Acc: 0.7462 - Recall: 0.7333 - F1: 0.7397
Subject: company - Acc: 0.7377 - Recall: 0.7143 - F1: 0.7258
Subject: movie - Acc: 0.7397 - Recall: 0.7152 - F1: 0.7273
Subject: game - Acc: 0.7908 - Recall: 0.8203 - F1: 0.8053
Subject: organization - Acc: 0.7729 - Recall: 0.7602 - F1: 0.7665
Subject: scene - Acc: 0.5882 - Recall: 0.5263 - F1: 0.5556
Subject: government - Acc: 0.7305 - Recall: 0.7571 - F1: 0.7435
Subject: book - Acc: 0.7895 - Recall: 0.6818 - F1: 0.7317
Loading features from cached file dataset/cluener/cached_crf-dev_bilstm_crf_ner

Epoch: 41 -  loss: 0.0318 - eval_loss: 14.2993 - eval_acc: 0.7203 - eval_recall: 0.7035 - eval_f1: 0.7118 

Epoch 41: eval_f1 improved from 0.710193204530313 to 0.7117918313570488
save model to disk.
Subject: address - Acc: 0.5467 - Recall: 0.5174 - F1: 0.5317
Subject: position - Acc: 0.753 - Recall: 0.7252 - F1: 0.7388
Subject: name - Acc: 0.7553 - Recall: 0.7699 - F1: 0.7625
Subject: company - Acc: 0.7493 - Recall: 0.7275 - F1: 0.7383
Subject: movie - Acc: 0.7556 - Recall: 0.6755 - F1: 0.7133
Subject: game - Acc: 0.7907 - Recall: 0.8068 - F1: 0.7987
Subject: organization - Acc: 0.7644 - Recall: 0.7602 - F1: 0.7623
Subject: scene - Acc: 0.5746 - Recall: 0.4976 - F1: 0.5333
Subject: government - Acc: 0.7336 - Recall: 0.7692 - F1: 0.751
Subject: book - Acc: 0.7297 - Recall: 0.7013 - F1: 0.7152
Loading features from cached file dataset/cluener/cached_crf-dev_bilstm_crf_ner

Epoch: 42 -  loss: 0.0255 - eval_loss: 14.4718 - eval_acc: 0.7306 - eval_recall: 0.6930 - eval_f1: 0.7113 
Loading features from cached file dataset/cluener/cached_crf-dev_bilstm_crf_ner

Epoch: 43 -  loss: 0.0298 - eval_loss: 14.6483 - eval_acc: 0.7249 - eval_recall: 0.6973 - eval_f1: 0.7108 
Loading features from cached file dataset/cluener/cached_crf-dev_bilstm_crf_ner

Epoch: 44 -  loss: 0.0313 - eval_loss: 14.9820 - eval_acc: 0.7198 - eval_recall: 0.6898 - eval_f1: 0.7045 
Loading features from cached file dataset/cluener/cached_crf-dev_bilstm_crf_ner

Epoch: 45 -  loss: 0.0363 - eval_loss: 15.0508 - eval_acc: 0.7127 - eval_recall: 0.6833 - eval_f1: 0.6977 
Loading features from cached file dataset/cluener/cached_crf-dev_bilstm_crf_ner

Epoch: 46 -  loss: 0.0309 - eval_loss: 14.9447 - eval_acc: 0.7225 - eval_recall: 0.6882 - eval_f1: 0.7049 
Loading features from cached file dataset/cluener/cached_crf-dev_bilstm_crf_ner

Epoch: 47 -  loss: 0.0206 - eval_loss: 15.0275 - eval_acc: 0.7310 - eval_recall: 0.6901 - eval_f1: 0.7100 
Loading features from cached file dataset/cluener/cached_crf-dev_bilstm_crf_ner

Epoch: 48 -  loss: 0.0159 - eval_loss: 15.0263 - eval_acc: 0.7276 - eval_recall: 0.6973 - eval_f1: 0.7121 

Epoch 48: eval_f1 improved from 0.7117918313570488 to 0.7121010638297872
save model to disk.
Subject: address - Acc: 0.5497 - Recall: 0.504 - F1: 0.5259
Subject: position - Acc: 0.7704 - Recall: 0.7206 - F1: 0.7446
Subject: name - Acc: 0.7642 - Recall: 0.7527 - F1: 0.7584
Subject: company - Acc: 0.7733 - Recall: 0.7037 - F1: 0.7368
Subject: movie - Acc: 0.7353 - Recall: 0.6623 - F1: 0.6969
Subject: game - Acc: 0.7935 - Recall: 0.8339 - F1: 0.8132
Subject: organization - Acc: 0.7634 - Recall: 0.7384 - F1: 0.7507
Subject: scene - Acc: 0.5812 - Recall: 0.5311 - F1: 0.555
Subject: government - Acc: 0.7245 - Recall: 0.7773 - F1: 0.75
Subject: book - Acc: 0.7681 - Recall: 0.6883 - F1: 0.726
Loading features from cached file dataset/cluener/cached_crf-dev_bilstm_crf_ner

Epoch: 49 -  loss: 0.0149 - eval_loss: 15.1208 - eval_acc: 0.7274 - eval_recall: 0.6924 - eval_f1: 0.7095 
Loading features from cached file dataset/cluener/cached_crf-dev_bilstm_crf_ner

Epoch: 50 -  loss: 0.0161 - eval_loss: 15.1302 - eval_acc: 0.7275 - eval_recall: 0.6943 - eval_f1: 0.7105 
