Loading features from cached file dataset/cluener/cached_crf-train_bilstm_crf_ner
Loading features from cached file dataset/cluener/cached_crf-dev_bilstm_crf_ner

Epoch: 1 -  loss: 26.1284 - eval_loss: 22.0374 - eval_acc: 0.4550 - eval_recall: 0.3223 - eval_f1: 0.3773 

Epoch 1: eval_f1 improved from 0 to 0.37728658536585363
save model to disk.
Subject: address - Acc: 0.2897 - Recall: 0.1126 - F1: 0.1622
Subject: position - Acc: 0.704 - Recall: 0.4065 - F1: 0.5154
Subject: name - Acc: 0.3464 - Recall: 0.2473 - F1: 0.2886
Subject: company - Acc: 0.3917 - Recall: 0.373 - F1: 0.3821
Subject: movie - Acc: 0.375 - Recall: 0.3974 - F1: 0.3859
Subject: game - Acc: 0.563 - Recall: 0.6508 - F1: 0.6038
Subject: organization - Acc: 0.4461 - Recall: 0.327 - F1: 0.3774
Subject: scene - Acc: 0.4521 - Recall: 0.1579 - F1: 0.234
Subject: government - Acc: 0.402 - Recall: 0.332 - F1: 0.3636
Subject: book - Acc: 0.6905 - Recall: 0.1883 - F1: 0.2959
Loading features from cached file dataset/cluener/cached_crf-dev_bilstm_crf_ner

Epoch: 2 -  loss: 14.1618 - eval_loss: 17.0066 - eval_acc: 0.5446 - eval_recall: 0.4805 - eval_f1: 0.5105 

Epoch 2: eval_f1 improved from 0.37728658536585363 to 0.5105499827049464
save model to disk.
Subject: address - Acc: 0.3711 - Recall: 0.193 - F1: 0.254
Subject: position - Acc: 0.6797 - Recall: 0.5635 - F1: 0.6162
Subject: name - Acc: 0.5774 - Recall: 0.4731 - F1: 0.5201
Subject: company - Acc: 0.5055 - Recall: 0.4841 - F1: 0.4946
Subject: movie - Acc: 0.4863 - Recall: 0.4702 - F1: 0.4781
Subject: game - Acc: 0.4935 - Recall: 0.7695 - F1: 0.6013
Subject: organization - Acc: 0.5669 - Recall: 0.6349 - F1: 0.599
Subject: scene - Acc: 0.4183 - Recall: 0.3062 - F1: 0.3536
Subject: government - Acc: 0.627 - Recall: 0.4696 - F1: 0.537
Subject: book - Acc: 0.7797 - Recall: 0.2987 - F1: 0.4319
Loading features from cached file dataset/cluener/cached_crf-dev_bilstm_crf_ner

Epoch: 3 -  loss: 9.8024 - eval_loss: 14.2670 - eval_acc: 0.5794 - eval_recall: 0.5605 - eval_f1: 0.5698 

Epoch 3: eval_f1 improved from 0.5105499827049464 to 0.5698213103904699
save model to disk.
Subject: address - Acc: 0.4174 - Recall: 0.2708 - F1: 0.3285
Subject: position - Acc: 0.6583 - Recall: 0.6628 - F1: 0.6605
Subject: name - Acc: 0.6075 - Recall: 0.5957 - F1: 0.6015
Subject: company - Acc: 0.5286 - Recall: 0.537 - F1: 0.5328
Subject: movie - Acc: 0.4976 - Recall: 0.6887 - F1: 0.5778
Subject: game - Acc: 0.6359 - Recall: 0.7695 - F1: 0.6963
Subject: organization - Acc: 0.6512 - Recall: 0.6512 - F1: 0.6512
Subject: scene - Acc: 0.3991 - Recall: 0.4258 - F1: 0.412
Subject: government - Acc: 0.6035 - Recall: 0.5547 - F1: 0.5781
Subject: book - Acc: 0.8169 - Recall: 0.3766 - F1: 0.5156
Loading features from cached file dataset/cluener/cached_crf-dev_bilstm_crf_ner

Epoch: 4 -  loss: 7.0595 - eval_loss: 13.3634 - eval_acc: 0.5865 - eval_recall: 0.5905 - eval_f1: 0.5885 

Epoch 4: eval_f1 improved from 0.5698213103904699 to 0.5884833738848337
save model to disk.
Subject: address - Acc: 0.3515 - Recall: 0.2761 - F1: 0.3093
Subject: position - Acc: 0.6197 - Recall: 0.7113 - F1: 0.6624
Subject: name - Acc: 0.5909 - Recall: 0.671 - F1: 0.6284
Subject: company - Acc: 0.5759 - Recall: 0.582 - F1: 0.5789
Subject: movie - Acc: 0.4734 - Recall: 0.649 - F1: 0.5475
Subject: game - Acc: 0.7394 - Recall: 0.7695 - F1: 0.7542
Subject: organization - Acc: 0.7404 - Recall: 0.6294 - F1: 0.6804
Subject: scene - Acc: 0.4213 - Recall: 0.4354 - F1: 0.4282
Subject: government - Acc: 0.625 - Recall: 0.5668 - F1: 0.5945
Subject: book - Acc: 0.6614 - Recall: 0.5455 - F1: 0.5979
Loading features from cached file dataset/cluener/cached_crf-dev_bilstm_crf_ner

Epoch: 5 -  loss: 5.3367 - eval_loss: 13.0700 - eval_acc: 0.6011 - eval_recall: 0.6152 - eval_f1: 0.6081 

Epoch 5: eval_f1 improved from 0.5884833738848337 to 0.6081081081081082
save model to disk.
Subject: address - Acc: 0.5115 - Recall: 0.2976 - F1: 0.3763
Subject: position - Acc: 0.6041 - Recall: 0.6836 - F1: 0.6414
Subject: name - Acc: 0.6597 - Recall: 0.6753 - F1: 0.6674
Subject: company - Acc: 0.5833 - Recall: 0.6481 - F1: 0.614
Subject: movie - Acc: 0.6182 - Recall: 0.6755 - F1: 0.6456
Subject: game - Acc: 0.6639 - Recall: 0.8102 - F1: 0.7298
Subject: organization - Acc: 0.6495 - Recall: 0.7221 - F1: 0.6839
Subject: scene - Acc: 0.3759 - Recall: 0.5072 - F1: 0.4318
Subject: government - Acc: 0.6516 - Recall: 0.583 - F1: 0.6154
Subject: book - Acc: 0.6476 - Recall: 0.4416 - F1: 0.5251
Loading features from cached file dataset/cluener/cached_crf-dev_bilstm_crf_ner

Epoch: 6 -  loss: 4.0098 - eval_loss: 12.8114 - eval_acc: 0.6097 - eval_recall: 0.6497 - eval_f1: 0.6291 

Epoch 6: eval_f1 improved from 0.6081081081081082 to 0.6290576741254333
save model to disk.
Subject: address - Acc: 0.4225 - Recall: 0.3727 - F1: 0.396
Subject: position - Acc: 0.6652 - Recall: 0.6975 - F1: 0.6809
Subject: name - Acc: 0.6316 - Recall: 0.6968 - F1: 0.6626
Subject: company - Acc: 0.6043 - Recall: 0.6746 - F1: 0.6375
Subject: movie - Acc: 0.6033 - Recall: 0.7351 - F1: 0.6627
Subject: game - Acc: 0.689 - Recall: 0.8034 - F1: 0.7418
Subject: organization - Acc: 0.5857 - Recall: 0.7357 - F1: 0.6522
Subject: scene - Acc: 0.5147 - Recall: 0.5024 - F1: 0.5085
Subject: government - Acc: 0.6794 - Recall: 0.7206 - F1: 0.6994
Subject: book - Acc: 0.7426 - Recall: 0.487 - F1: 0.5882
Loading features from cached file dataset/cluener/cached_crf-dev_bilstm_crf_ner

Epoch: 7 -  loss: 3.0736 - eval_loss: 12.7109 - eval_acc: 0.6465 - eval_recall: 0.6322 - eval_f1: 0.6392 

Epoch 7: eval_f1 improved from 0.6290576741254333 to 0.6392363396971693
save model to disk.
Subject: address - Acc: 0.5333 - Recall: 0.3646 - F1: 0.4331
Subject: position - Acc: 0.7351 - Recall: 0.6536 - F1: 0.6919
Subject: name - Acc: 0.6197 - Recall: 0.757 - F1: 0.6815
Subject: company - Acc: 0.5941 - Recall: 0.6429 - F1: 0.6175
Subject: movie - Acc: 0.6 - Recall: 0.7748 - F1: 0.6763
Subject: game - Acc: 0.7617 - Recall: 0.7695 - F1: 0.7656
Subject: organization - Acc: 0.762 - Recall: 0.6894 - F1: 0.7239
Subject: scene - Acc: 0.4413 - Recall: 0.4498 - F1: 0.4455
Subject: government - Acc: 0.6575 - Recall: 0.6761 - F1: 0.6667
Subject: book - Acc: 0.7368 - Recall: 0.4545 - F1: 0.5622
Loading features from cached file dataset/cluener/cached_crf-dev_bilstm_crf_ner

Epoch: 8 -  loss: 2.3235 - eval_loss: 12.9077 - eval_acc: 0.6443 - eval_recall: 0.6416 - eval_f1: 0.6430 

Epoch 8: eval_f1 improved from 0.6392363396971693 to 0.6429619964116784
save model to disk.
Subject: address - Acc: 0.5161 - Recall: 0.3861 - F1: 0.4417
Subject: position - Acc: 0.7545 - Recall: 0.6744 - F1: 0.7122
Subject: name - Acc: 0.6634 - Recall: 0.729 - F1: 0.6947
Subject: company - Acc: 0.6566 - Recall: 0.6878 - F1: 0.6718
Subject: movie - Acc: 0.6061 - Recall: 0.6623 - F1: 0.6329
Subject: game - Acc: 0.6864 - Recall: 0.7864 - F1: 0.733
Subject: organization - Acc: 0.6424 - Recall: 0.7439 - F1: 0.6894
Subject: scene - Acc: 0.4948 - Recall: 0.4593 - F1: 0.4764
Subject: government - Acc: 0.6042 - Recall: 0.7045 - F1: 0.6505
Subject: book - Acc: 0.8026 - Recall: 0.3961 - F1: 0.5304
Loading features from cached file dataset/cluener/cached_crf-dev_bilstm_crf_ner

Epoch: 9 -  loss: 1.8380 - eval_loss: 13.2683 - eval_acc: 0.6511 - eval_recall: 0.6494 - eval_f1: 0.6503 

Epoch 9: eval_f1 improved from 0.6429619964116784 to 0.6502607561929596
save model to disk.
Subject: address - Acc: 0.5469 - Recall: 0.3592 - F1: 0.4337
Subject: position - Acc: 0.7778 - Recall: 0.6628 - F1: 0.7157
Subject: name - Acc: 0.6821 - Recall: 0.6968 - F1: 0.6894
Subject: company - Acc: 0.6626 - Recall: 0.7222 - F1: 0.6911
Subject: movie - Acc: 0.6692 - Recall: 0.5762 - F1: 0.6192
Subject: game - Acc: 0.641 - Recall: 0.8169 - F1: 0.7183
Subject: organization - Acc: 0.7089 - Recall: 0.7629 - F1: 0.7349
Subject: scene - Acc: 0.4079 - Recall: 0.5933 - F1: 0.4834
Subject: government - Acc: 0.6641 - Recall: 0.6964 - F1: 0.6798
Subject: book - Acc: 0.7374 - Recall: 0.474 - F1: 0.5771
Loading features from cached file dataset/cluener/cached_crf-dev_bilstm_crf_ner

Epoch: 10 -  loss: 1.4662 - eval_loss: 13.6809 - eval_acc: 0.6640 - eval_recall: 0.6497 - eval_f1: 0.6568 

Epoch 10: eval_f1 improved from 0.6502607561929596 to 0.6567949983547221
save model to disk.
Subject: address - Acc: 0.5063 - Recall: 0.4316 - F1: 0.466
Subject: position - Acc: 0.7584 - Recall: 0.6744 - F1: 0.7139
Subject: name - Acc: 0.735 - Recall: 0.7097 - F1: 0.7221
Subject: company - Acc: 0.7389 - Recall: 0.6587 - F1: 0.6965
Subject: movie - Acc: 0.6807 - Recall: 0.5364 - F1: 0.6
Subject: game - Acc: 0.6123 - Recall: 0.8407 - F1: 0.7086
Subject: organization - Acc: 0.6635 - Recall: 0.7629 - F1: 0.7098
Subject: scene - Acc: 0.4843 - Recall: 0.5167 - F1: 0.5
Subject: government - Acc: 0.6795 - Recall: 0.7126 - F1: 0.6957
Subject: book - Acc: 0.7978 - Recall: 0.461 - F1: 0.5844
Loading features from cached file dataset/cluener/cached_crf-dev_bilstm_crf_ner

Epoch: 11 -  loss: 1.2140 - eval_loss: 12.5052 - eval_acc: 0.6830 - eval_recall: 0.6683 - eval_f1: 0.6756 

Epoch 11: eval_f1 improved from 0.6567949983547221 to 0.675551168147417
save model to disk.
Subject: address - Acc: 0.5245 - Recall: 0.4021 - F1: 0.4552
Subject: position - Acc: 0.7644 - Recall: 0.6744 - F1: 0.7166
Subject: name - Acc: 0.7506 - Recall: 0.7183 - F1: 0.7341
Subject: company - Acc: 0.7097 - Recall: 0.6984 - F1: 0.704
Subject: movie - Acc: 0.7222 - Recall: 0.6887 - F1: 0.7051
Subject: game - Acc: 0.6658 - Recall: 0.8373 - F1: 0.7417
Subject: organization - Acc: 0.691 - Recall: 0.7738 - F1: 0.7301
Subject: scene - Acc: 0.5616 - Recall: 0.5455 - F1: 0.5534
Subject: government - Acc: 0.641 - Recall: 0.7085 - F1: 0.6731
Subject: book - Acc: 0.7479 - Recall: 0.5779 - F1: 0.652
Loading features from cached file dataset/cluener/cached_crf-dev_bilstm_crf_ner

Epoch: 12 -  loss: 0.9715 - eval_loss: 13.0875 - eval_acc: 0.6837 - eval_recall: 0.6559 - eval_f1: 0.6695 
Loading features from cached file dataset/cluener/cached_crf-dev_bilstm_crf_ner

Epoch: 13 -  loss: 0.8374 - eval_loss: 13.5118 - eval_acc: 0.6725 - eval_recall: 0.6631 - eval_f1: 0.6678 
Loading features from cached file dataset/cluener/cached_crf-dev_bilstm_crf_ner

Epoch: 14 -  loss: 0.7633 - eval_loss: 13.8505 - eval_acc: 0.6679 - eval_recall: 0.6442 - eval_f1: 0.6558 
Loading features from cached file dataset/cluener/cached_crf-dev_bilstm_crf_ner

Epoch: 15 -  loss: 0.6240 - eval_loss: 13.3544 - eval_acc: 0.6897 - eval_recall: 0.6729 - eval_f1: 0.6812 

Epoch 15: eval_f1 improved from 0.675551168147417 to 0.681166584280771
save model to disk.
Subject: address - Acc: 0.5077 - Recall: 0.4424 - F1: 0.4728
Subject: position - Acc: 0.7398 - Recall: 0.709 - F1: 0.7241
Subject: name - Acc: 0.7178 - Recall: 0.7441 - F1: 0.7307
Subject: company - Acc: 0.7364 - Recall: 0.6799 - F1: 0.707
Subject: movie - Acc: 0.7162 - Recall: 0.702 - F1: 0.709
Subject: game - Acc: 0.7669 - Recall: 0.7695 - F1: 0.7682
Subject: organization - Acc: 0.6683 - Recall: 0.7629 - F1: 0.7125
Subject: scene - Acc: 0.5714 - Recall: 0.4976 - F1: 0.532
Subject: government - Acc: 0.6929 - Recall: 0.7126 - F1: 0.7026
Subject: book - Acc: 0.7795 - Recall: 0.6429 - F1: 0.7046
Loading features from cached file dataset/cluener/cached_crf-dev_bilstm_crf_ner

Epoch: 16 -  loss: 0.5294 - eval_loss: 13.2663 - eval_acc: 0.6990 - eval_recall: 0.6621 - eval_f1: 0.6800 
Loading features from cached file dataset/cluener/cached_crf-dev_bilstm_crf_ner

Epoch: 17 -  loss: 0.4429 - eval_loss: 13.6072 - eval_acc: 0.6639 - eval_recall: 0.6771 - eval_f1: 0.6704 
Loading features from cached file dataset/cluener/cached_crf-dev_bilstm_crf_ner

Epoch: 18 -  loss: 0.3964 - eval_loss: 13.4376 - eval_acc: 0.6912 - eval_recall: 0.6748 - eval_f1: 0.6829 

Epoch 18: eval_f1 improved from 0.681166584280771 to 0.6829187942678308
save model to disk.
Subject: address - Acc: 0.5433 - Recall: 0.4209 - F1: 0.4743
Subject: position - Acc: 0.7568 - Recall: 0.7113 - F1: 0.7333
Subject: name - Acc: 0.7635 - Recall: 0.729 - F1: 0.7459
Subject: company - Acc: 0.7147 - Recall: 0.709 - F1: 0.7118
Subject: movie - Acc: 0.7537 - Recall: 0.6689 - F1: 0.7088
Subject: game - Acc: 0.727 - Recall: 0.8034 - F1: 0.7633
Subject: organization - Acc: 0.638 - Recall: 0.7684 - F1: 0.6972
Subject: scene - Acc: 0.5266 - Recall: 0.5215 - F1: 0.524
Subject: government - Acc: 0.6895 - Recall: 0.6923 - F1: 0.6909
Subject: book - Acc: 0.7953 - Recall: 0.6558 - F1: 0.7189
Loading features from cached file dataset/cluener/cached_crf-dev_bilstm_crf_ner

Epoch: 19 -  loss: 0.3904 - eval_loss: 13.0260 - eval_acc: 0.7054 - eval_recall: 0.6820 - eval_f1: 0.6935 

Epoch 19: eval_f1 improved from 0.6829187942678308 to 0.6934789804700431
save model to disk.
Subject: address - Acc: 0.5311 - Recall: 0.4584 - F1: 0.4921
Subject: position - Acc: 0.7129 - Recall: 0.6998 - F1: 0.7063
Subject: name - Acc: 0.732 - Recall: 0.7634 - F1: 0.7474
Subject: company - Acc: 0.7331 - Recall: 0.6905 - F1: 0.7112
Subject: movie - Acc: 0.7584 - Recall: 0.7483 - F1: 0.7533
Subject: game - Acc: 0.7621 - Recall: 0.8034 - F1: 0.7822
Subject: organization - Acc: 0.7173 - Recall: 0.7466 - F1: 0.7316
Subject: scene - Acc: 0.6221 - Recall: 0.512 - F1: 0.5617
Subject: government - Acc: 0.7137 - Recall: 0.6964 - F1: 0.7049
Subject: book - Acc: 0.8031 - Recall: 0.6623 - F1: 0.726
Loading features from cached file dataset/cluener/cached_crf-dev_bilstm_crf_ner

Epoch: 20 -  loss: 0.2941 - eval_loss: 13.7879 - eval_acc: 0.6986 - eval_recall: 0.6631 - eval_f1: 0.6804 
Loading features from cached file dataset/cluener/cached_crf-dev_bilstm_crf_ner

Epoch: 21 -  loss: 0.2943 - eval_loss: 12.9304 - eval_acc: 0.6981 - eval_recall: 0.6888 - eval_f1: 0.6934 
Loading features from cached file dataset/cluener/cached_crf-dev_bilstm_crf_ner

Epoch: 22 -  loss: 0.2387 - eval_loss: 13.6842 - eval_acc: 0.7051 - eval_recall: 0.6709 - eval_f1: 0.6876 
Loading features from cached file dataset/cluener/cached_crf-dev_bilstm_crf_ner

Epoch: 23 -  loss: 0.2442 - eval_loss: 13.6154 - eval_acc: 0.6908 - eval_recall: 0.6908 - eval_f1: 0.6908 
Loading features from cached file dataset/cluener/cached_crf-dev_bilstm_crf_ner

Epoch: 24 -  loss: 0.1674 - eval_loss: 12.8610 - eval_acc: 0.7144 - eval_recall: 0.6953 - eval_f1: 0.7047 

Epoch 24: eval_f1 improved from 0.6934789804700431 to 0.7047179148795777
save model to disk.
Subject: address - Acc: 0.5356 - Recall: 0.504 - F1: 0.5193
Subject: position - Acc: 0.7623 - Recall: 0.7182 - F1: 0.7396
Subject: name - Acc: 0.7613 - Recall: 0.7613 - F1: 0.7613
Subject: company - Acc: 0.7218 - Recall: 0.7275 - F1: 0.7246
Subject: movie - Acc: 0.657 - Recall: 0.7483 - F1: 0.6997
Subject: game - Acc: 0.7912 - Recall: 0.7966 - F1: 0.7939
Subject: organization - Acc: 0.7626 - Recall: 0.7439 - F1: 0.7531
Subject: scene - Acc: 0.593 - Recall: 0.488 - F1: 0.5354
Subject: government - Acc: 0.705 - Recall: 0.7449 - F1: 0.7244
Subject: book - Acc: 0.808 - Recall: 0.6558 - F1: 0.724
Loading features from cached file dataset/cluener/cached_crf-dev_bilstm_crf_ner

Epoch: 25 -  loss: 0.0922 - eval_loss: 13.1337 - eval_acc: 0.7215 - eval_recall: 0.6898 - eval_f1: 0.7053 

Epoch 25: eval_f1 improved from 0.7047179148795777 to 0.7052754202030288
save model to disk.
Subject: address - Acc: 0.5455 - Recall: 0.4826 - F1: 0.5121
Subject: position - Acc: 0.77 - Recall: 0.7344 - F1: 0.7518
Subject: name - Acc: 0.7686 - Recall: 0.757 - F1: 0.7627
Subject: company - Acc: 0.7215 - Recall: 0.7196 - F1: 0.7205
Subject: movie - Acc: 0.7241 - Recall: 0.6954 - F1: 0.7095
Subject: game - Acc: 0.773 - Recall: 0.7966 - F1: 0.7846
Subject: organization - Acc: 0.7684 - Recall: 0.7411 - F1: 0.7545
Subject: scene - Acc: 0.6037 - Recall: 0.4737 - F1: 0.5308
Subject: government - Acc: 0.7034 - Recall: 0.749 - F1: 0.7255
Subject: book - Acc: 0.7829 - Recall: 0.6558 - F1: 0.7138
Loading features from cached file dataset/cluener/cached_crf-dev_bilstm_crf_ner

Epoch: 26 -  loss: 0.0674 - eval_loss: 13.6204 - eval_acc: 0.7166 - eval_recall: 0.6947 - eval_f1: 0.7055 

Epoch 26: eval_f1 improved from 0.7052754202030288 to 0.7054545454545454
save model to disk.
Subject: address - Acc: 0.5509 - Recall: 0.4933 - F1: 0.5205
Subject: position - Acc: 0.7639 - Recall: 0.7321 - F1: 0.7476
Subject: name - Acc: 0.7602 - Recall: 0.7634 - F1: 0.7618
Subject: company - Acc: 0.6866 - Recall: 0.7302 - F1: 0.7077
Subject: movie - Acc: 0.6923 - Recall: 0.7152 - F1: 0.7036
Subject: game - Acc: 0.7781 - Recall: 0.7966 - F1: 0.7873
Subject: organization - Acc: 0.7794 - Recall: 0.7221 - F1: 0.7496
Subject: scene - Acc: 0.5833 - Recall: 0.5024 - F1: 0.5398
Subject: government - Acc: 0.7305 - Recall: 0.7571 - F1: 0.7435
Subject: book - Acc: 0.8095 - Recall: 0.6623 - F1: 0.7286
Loading features from cached file dataset/cluener/cached_crf-dev_bilstm_crf_ner

Epoch: 27 -  loss: 0.0582 - eval_loss: 13.5664 - eval_acc: 0.7220 - eval_recall: 0.6914 - eval_f1: 0.7064 

Epoch 27: eval_f1 improved from 0.7054545454545454 to 0.706351845693382
save model to disk.
Subject: address - Acc: 0.5663 - Recall: 0.4692 - F1: 0.5132
Subject: position - Acc: 0.7751 - Recall: 0.7321 - F1: 0.753
Subject: name - Acc: 0.7532 - Recall: 0.7613 - F1: 0.7572
Subject: company - Acc: 0.7043 - Recall: 0.7434 - F1: 0.7233
Subject: movie - Acc: 0.679 - Recall: 0.7285 - F1: 0.7029
Subject: game - Acc: 0.7924 - Recall: 0.7763 - F1: 0.7842
Subject: organization - Acc: 0.7697 - Recall: 0.7193 - F1: 0.7437
Subject: scene - Acc: 0.5714 - Recall: 0.4976 - F1: 0.532
Subject: government - Acc: 0.748 - Recall: 0.7571 - F1: 0.7525
Subject: book - Acc: 0.7984 - Recall: 0.6688 - F1: 0.7279
Loading features from cached file dataset/cluener/cached_crf-dev_bilstm_crf_ner

Epoch: 28 -  loss: 0.0507 - eval_loss: 13.6834 - eval_acc: 0.7194 - eval_recall: 0.6943 - eval_f1: 0.7066 

Epoch 28: eval_f1 improved from 0.706351845693382 to 0.7066423720390922
save model to disk.
Subject: address - Acc: 0.5556 - Recall: 0.4692 - F1: 0.5087
Subject: position - Acc: 0.7859 - Recall: 0.7206 - F1: 0.7518
Subject: name - Acc: 0.7521 - Recall: 0.7699 - F1: 0.7609
Subject: company - Acc: 0.7132 - Recall: 0.7302 - F1: 0.7216
Subject: movie - Acc: 0.7019 - Recall: 0.7483 - F1: 0.7244
Subject: game - Acc: 0.7917 - Recall: 0.7729 - F1: 0.7822
Subject: organization - Acc: 0.7749 - Recall: 0.7411 - F1: 0.7577
Subject: scene - Acc: 0.5556 - Recall: 0.5024 - F1: 0.5276
Subject: government - Acc: 0.7037 - Recall: 0.7692 - F1: 0.735
Subject: book - Acc: 0.7939 - Recall: 0.6753 - F1: 0.7298
Loading features from cached file dataset/cluener/cached_crf-dev_bilstm_crf_ner

Epoch: 29 -  loss: 0.0512 - eval_loss: 13.8304 - eval_acc: 0.7243 - eval_recall: 0.7038 - eval_f1: 0.7139 

Epoch 29: eval_f1 improved from 0.7066423720390922 to 0.7138847614330527
save model to disk.
Subject: address - Acc: 0.5556 - Recall: 0.5228 - F1: 0.5387
Subject: position - Acc: 0.77 - Recall: 0.7113 - F1: 0.7395
Subject: name - Acc: 0.749 - Recall: 0.7763 - F1: 0.7624
Subject: company - Acc: 0.733 - Recall: 0.7407 - F1: 0.7368
Subject: movie - Acc: 0.7134 - Recall: 0.7417 - F1: 0.7273
Subject: game - Acc: 0.7879 - Recall: 0.7932 - F1: 0.7905
Subject: organization - Acc: 0.7686 - Recall: 0.7602 - F1: 0.7644
Subject: scene - Acc: 0.6111 - Recall: 0.4737 - F1: 0.5337
Subject: government - Acc: 0.7364 - Recall: 0.7692 - F1: 0.7525
Subject: book - Acc: 0.782 - Recall: 0.6753 - F1: 0.7247
Loading features from cached file dataset/cluener/cached_crf-dev_bilstm_crf_ner

Epoch: 30 -  loss: 0.0482 - eval_loss: 14.1776 - eval_acc: 0.7201 - eval_recall: 0.6943 - eval_f1: 0.7070 
Loading features from cached file dataset/cluener/cached_crf-dev_bilstm_crf_ner

Epoch: 31 -  loss: 0.0366 - eval_loss: 14.1532 - eval_acc: 0.7244 - eval_recall: 0.6956 - eval_f1: 0.7097 
Loading features from cached file dataset/cluener/cached_crf-dev_bilstm_crf_ner

Epoch: 32 -  loss: 0.0380 - eval_loss: 14.4232 - eval_acc: 0.7193 - eval_recall: 0.6966 - eval_f1: 0.7078 
Loading features from cached file dataset/cluener/cached_crf-dev_bilstm_crf_ner

Epoch: 33 -  loss: 0.0404 - eval_loss: 14.4273 - eval_acc: 0.7215 - eval_recall: 0.6914 - eval_f1: 0.7061 
Loading features from cached file dataset/cluener/cached_crf-dev_bilstm_crf_ner

Epoch: 34 -  loss: 0.0339 - eval_loss: 14.4851 - eval_acc: 0.7274 - eval_recall: 0.6966 - eval_f1: 0.7117 
Loading features from cached file dataset/cluener/cached_crf-dev_bilstm_crf_ner

Epoch: 35 -  loss: 0.0252 - eval_loss: 14.5671 - eval_acc: 0.7232 - eval_recall: 0.6999 - eval_f1: 0.7113 
Loading features from cached file dataset/cluener/cached_crf-dev_bilstm_crf_ner

Epoch: 36 -  loss: 0.0255 - eval_loss: 14.6459 - eval_acc: 0.7256 - eval_recall: 0.6963 - eval_f1: 0.7106 
Loading features from cached file dataset/cluener/cached_crf-dev_bilstm_crf_ner

Epoch: 37 -  loss: 0.0178 - eval_loss: 14.7109 - eval_acc: 0.7286 - eval_recall: 0.6940 - eval_f1: 0.7109 
Loading features from cached file dataset/cluener/cached_crf-dev_bilstm_crf_ner

Epoch: 38 -  loss: 0.0176 - eval_loss: 14.7948 - eval_acc: 0.7267 - eval_recall: 0.6917 - eval_f1: 0.7088 
Loading features from cached file dataset/cluener/cached_crf-dev_bilstm_crf_ner

Epoch: 39 -  loss: 0.0160 - eval_loss: 14.8808 - eval_acc: 0.7289 - eval_recall: 0.6930 - eval_f1: 0.7105 
Loading features from cached file dataset/cluener/cached_crf-dev_bilstm_crf_ner

Epoch: 40 -  loss: 0.0168 - eval_loss: 14.9798 - eval_acc: 0.7345 - eval_recall: 0.6924 - eval_f1: 0.7128 
Loading features from cached file dataset/cluener/cached_crf-dev_bilstm_crf_ner

Epoch: 41 -  loss: 0.0140 - eval_loss: 14.9372 - eval_acc: 0.7319 - eval_recall: 0.6924 - eval_f1: 0.7116 
Loading features from cached file dataset/cluener/cached_crf-dev_bilstm_crf_ner

Epoch: 42 -  loss: 0.0158 - eval_loss: 14.8985 - eval_acc: 0.7335 - eval_recall: 0.6943 - eval_f1: 0.7134 
Loading features from cached file dataset/cluener/cached_crf-dev_bilstm_crf_ner

Epoch: 43 -  loss: 0.0127 - eval_loss: 14.9492 - eval_acc: 0.7332 - eval_recall: 0.6934 - eval_f1: 0.7127 
Loading features from cached file dataset/cluener/cached_crf-dev_bilstm_crf_ner

Epoch: 44 -  loss: 0.0125 - eval_loss: 15.0074 - eval_acc: 0.7354 - eval_recall: 0.6940 - eval_f1: 0.7141 

Epoch 44: eval_f1 improved from 0.7138847614330527 to 0.7141182381510635
save model to disk.
Subject: address - Acc: 0.5432 - Recall: 0.4718 - F1: 0.505
Subject: position - Acc: 0.7863 - Recall: 0.7136 - F1: 0.7482
Subject: name - Acc: 0.7747 - Recall: 0.7763 - F1: 0.7755
Subject: company - Acc: 0.7734 - Recall: 0.7222 - F1: 0.7469
Subject: movie - Acc: 0.7051 - Recall: 0.7285 - F1: 0.7166
Subject: game - Acc: 0.7697 - Recall: 0.7932 - F1: 0.7813
Subject: organization - Acc: 0.7959 - Recall: 0.733 - F1: 0.7631
Subject: scene - Acc: 0.5977 - Recall: 0.4976 - F1: 0.5431
Subject: government - Acc: 0.7358 - Recall: 0.7895 - F1: 0.7617
Subject: book - Acc: 0.8016 - Recall: 0.6558 - F1: 0.7214
Loading features from cached file dataset/cluener/cached_crf-dev_bilstm_crf_ner

Epoch: 45 -  loss: 0.0137 - eval_loss: 15.0568 - eval_acc: 0.7376 - eval_recall: 0.6943 - eval_f1: 0.7153 

Epoch 45: eval_f1 improved from 0.7141182381510635 to 0.7152917505030181
save model to disk.
Subject: address - Acc: 0.5415 - Recall: 0.4718 - F1: 0.5043
Subject: position - Acc: 0.7888 - Recall: 0.7159 - F1: 0.7506
Subject: name - Acc: 0.7752 - Recall: 0.7785 - F1: 0.7768
Subject: company - Acc: 0.7816 - Recall: 0.7196 - F1: 0.7493
Subject: movie - Acc: 0.7051 - Recall: 0.7285 - F1: 0.7166
Subject: game - Acc: 0.7723 - Recall: 0.7932 - F1: 0.7826
Subject: organization - Acc: 0.7953 - Recall: 0.7302 - F1: 0.7614
Subject: scene - Acc: 0.6012 - Recall: 0.4976 - F1: 0.5445
Subject: government - Acc: 0.7358 - Recall: 0.7895 - F1: 0.7617
Subject: book - Acc: 0.816 - Recall: 0.6623 - F1: 0.7312
Loading features from cached file dataset/cluener/cached_crf-dev_bilstm_crf_ner

Epoch: 46 -  loss: 0.0134 - eval_loss: 15.0024 - eval_acc: 0.7347 - eval_recall: 0.6940 - eval_f1: 0.7138 
Loading features from cached file dataset/cluener/cached_crf-dev_bilstm_crf_ner

Epoch: 47 -  loss: 0.0111 - eval_loss: 15.0374 - eval_acc: 0.7365 - eval_recall: 0.6950 - eval_f1: 0.7151 
Loading features from cached file dataset/cluener/cached_crf-dev_bilstm_crf_ner

Epoch: 48 -  loss: 0.0114 - eval_loss: 15.0615 - eval_acc: 0.7368 - eval_recall: 0.6934 - eval_f1: 0.7144 
Loading features from cached file dataset/cluener/cached_crf-dev_bilstm_crf_ner

Epoch: 49 -  loss: 0.0117 - eval_loss: 15.0015 - eval_acc: 0.7372 - eval_recall: 0.6960 - eval_f1: 0.7160 

Epoch 49: eval_f1 improved from 0.7152917505030181 to 0.7160080375083724
save model to disk.
Subject: address - Acc: 0.5394 - Recall: 0.4772 - F1: 0.5064
Subject: position - Acc: 0.7823 - Recall: 0.7136 - F1: 0.7464
Subject: name - Acc: 0.779 - Recall: 0.7806 - F1: 0.7798
Subject: company - Acc: 0.7778 - Recall: 0.7222 - F1: 0.749
Subject: movie - Acc: 0.7315 - Recall: 0.7219 - F1: 0.7267
Subject: game - Acc: 0.7756 - Recall: 0.7966 - F1: 0.786
Subject: organization - Acc: 0.7959 - Recall: 0.733 - F1: 0.7631
Subject: scene - Acc: 0.5988 - Recall: 0.4928 - F1: 0.5407
Subject: government - Acc: 0.7321 - Recall: 0.7854 - F1: 0.7578
Subject: book - Acc: 0.8015 - Recall: 0.6818 - F1: 0.7368
Loading features from cached file dataset/cluener/cached_crf-dev_bilstm_crf_ner

Epoch: 50 -  loss: 0.0113 - eval_loss: 15.0571 - eval_acc: 0.7376 - eval_recall: 0.6963 - eval_f1: 0.7163 

Epoch 50: eval_f1 improved from 0.7160080375083724 to 0.716342933690556
save model to disk.
Subject: address - Acc: 0.5408 - Recall: 0.4799 - F1: 0.5085
Subject: position - Acc: 0.7809 - Recall: 0.7159 - F1: 0.747
Subject: name - Acc: 0.7771 - Recall: 0.772 - F1: 0.7745
Subject: company - Acc: 0.7794 - Recall: 0.7196 - F1: 0.7483
Subject: movie - Acc: 0.7351 - Recall: 0.7351 - F1: 0.7351
Subject: game - Acc: 0.7738 - Recall: 0.8 - F1: 0.7867
Subject: organization - Acc: 0.7965 - Recall: 0.7357 - F1: 0.7649
Subject: scene - Acc: 0.5988 - Recall: 0.4928 - F1: 0.5407
Subject: government - Acc: 0.7331 - Recall: 0.7895 - F1: 0.7602
Subject: book - Acc: 0.8125 - Recall: 0.6753 - F1: 0.7376
